<?xml version="1.0" encoding="UTF-8"?>
<testsuite name="com.improving.bootcamp.SimpleControllerTest" tests="1" skipped="0" failures="0" errors="0" timestamp="2019-11-08T21:31:52" hostname="DESKTOP-CR5FDTO" time="0.021">
  <properties/>
  <testcase name="test()" classname="com.improving.bootcamp.SimpleControllerTest" time="0.021"/>
  <system-out><![CDATA[]]></system-out>
  <system-err><![CDATA[]]></system-err>
</testsuite>
